<?xml version="1.0" encoding="UTF-8"?>
<!-- Generated by org.testng.reporters.JUnitXMLReporter -->
<testsuite ignored="1" hostname="DESKTOP-0DT4K5P" failures="0" tests="4" name="Default test" time="0.412" errors="0" timestamp="2021-05-28T18:18:26 EET">
  <testcase classname="test.testNG_TC4" name="apiLoginLoan2" time="0.004"/>
  <testcase classname="test.testNG_TC4" name="apiLoginLoan2" time="0.001"/>
  <testcase classname="test.testNG_TC4" name="mobileLoginLoan" time="0.004"/>
  <testcase classname="test.testNG_TC4" name="apiLoginLoan" time="0.001"/>
  <testcase classname="test.testNG_TC4" name="webLoginLoan" time="0.0">
    <ignored/>
  </testcase> <!-- webLoginLoan -->
</testsuite> <!-- Default test -->
