<?xml version="1.0" encoding="UTF-8"?>
<!-- Generated by org.testng.reporters.JUnitXMLReporter -->
<testsuite ignored="11" hostname="DESKTOP-0DT4K5P" failures="0" tests="2" name="Regression" time="0.202" errors="0" timestamp="2021-05-06T17:35:22 EET">
  <testcase classname="test.testNG_TC5" name="carSeat" time="0.018"/>
  <testcase classname="test.testNG_TC5" name="carSteer" time="0.001"/>
  <testcase classname="test.testNG_TC4" name="mobileLoginLoan" time="0.0">
    <ignored/>
  </testcase> <!-- mobileLoginLoan -->
  <testcase classname="test.testNG_TC5" name="carWheel" time="0.0">
    <ignored/>
  </testcase> <!-- carWheel -->
  <testcase classname="test.testNG_TC5" name="carKey" time="0.0">
    <ignored/>
  </testcase> <!-- carKey -->
  <testcase classname="test.testNG_TC5" name="carDoor" time="0.0">
    <ignored/>
  </testcase> <!-- carDoor -->
  <testcase classname="test.testNG_TC3" name="webLoginLoan" time="0.0">
    <ignored/>
  </testcase> <!-- webLoginLoan -->
  <testcase classname="test.testNG_TC4" name="webLoginLoan" time="0.0">
    <ignored/>
  </testcase> <!-- webLoginLoan -->
  <testcase classname="test.testNG_TC3" name="mobileLoginLoan" time="0.0">
    <ignored/>
  </testcase> <!-- mobileLoginLoan -->
  <testcase classname="test.testNG_TC3" name="apiLoginLoan" time="0.0">
    <ignored/>
  </testcase> <!-- apiLoginLoan -->
  <testcase classname="test.testNG_TC1" name="demo" time="0.0">
    <ignored/>
  </testcase> <!-- demo -->
  <testcase classname="test.testNG_TC1" name="secondDemo" time="0.0">
    <ignored/>
  </testcase> <!-- secondDemo -->
  <testcase classname="test.testNG_TC4" name="apiLoginLoan" time="0.0">
    <ignored/>
  </testcase> <!-- apiLoginLoan -->
</testsuite> <!-- Regression -->
