<?xml version="1.0" encoding="UTF-8"?>
<testng-results ignored="1" total="5" passed="4" failed="0" skipped="0">
  <reporter-output>
  </reporter-output>
  <suite started-at="2021-05-28T18:18:26 EET" name="Default suite" finished-at="2021-05-28T18:18:26 EET" duration-ms="412">
    <groups>
    </groups>
    <test started-at="2021-05-28T18:18:26 EET" name="Default test" finished-at="2021-05-28T18:18:26 EET" duration-ms="412">
      <class name="test.testNG_TC4">
        <test-method is-config="true" signature="firstTest()[pri:0, instance:test.testNG_TC4@1d8bd0de]" started-at="2021-05-28T18:18:26 EET" name="firstTest" finished-at="2021-05-28T18:18:26 EET" duration-ms="6" status="PASS">
          <reporter-output>
          </reporter-output>
        </test-method> <!-- firstTest -->
        <test-method is-config="true" signature="mobileRegisterLoan()[pri:0, instance:test.testNG_TC4@1d8bd0de]" started-at="2021-05-28T18:18:26 EET" name="mobileRegisterLoan" finished-at="2021-05-28T18:18:26 EET" duration-ms="0" status="PASS">
          <reporter-output>
          </reporter-output>
        </test-method> <!-- mobileRegisterLoan -->
        <test-method signature="apiLoginLoan2(java.lang.String, java.lang.String)[pri:0, instance:test.testNG_TC4@1d8bd0de]" started-at="2021-05-28T18:18:26 EET" name="apiLoginLoan2" data-provider="getData" finished-at="2021-05-28T18:18:26 EET" duration-ms="4" status="PASS">
          <params>
            <param index="0">
              <value>
                <![CDATA[test]]>
              </value>
            </param>
            <param index="1">
              <value>
                <![CDATA[egypt]]>
              </value>
            </param>
          </params>
          <reporter-output>
          </reporter-output>
        </test-method> <!-- apiLoginLoan2 -->
        <test-method signature="apiLoginLoan2(java.lang.String, java.lang.String)[pri:0, instance:test.testNG_TC4@1d8bd0de]" started-at="2021-05-28T18:18:26 EET" name="apiLoginLoan2" data-provider="getData" finished-at="2021-05-28T18:18:26 EET" duration-ms="1" status="PASS">
          <params>
            <param index="0">
              <value>
                <![CDATA[test2]]>
              </value>
            </param>
            <param index="1">
              <value>
                <![CDATA[xyz]]>
              </value>
            </param>
          </params>
          <reporter-output>
          </reporter-output>
        </test-method> <!-- apiLoginLoan2 -->
        <test-method signature="mobileLoginLoan()[pri:0, instance:test.testNG_TC4@1d8bd0de]" started-at="2021-05-28T18:18:26 EET" name="mobileLoginLoan" finished-at="2021-05-28T18:18:26 EET" duration-ms="4" status="PASS">
          <reporter-output>
          </reporter-output>
        </test-method> <!-- mobileLoginLoan -->
        <test-method signature="apiLoginLoan()[pri:0, instance:test.testNG_TC4@1d8bd0de]" started-at="2021-05-28T18:18:26 EET" name="apiLoginLoan" finished-at="2021-05-28T18:18:26 EET" depends-on-methods="test.testNG_TC4.apiLoginLoan2" duration-ms="1" status="PASS">
          <reporter-output>
          </reporter-output>
        </test-method> <!-- apiLoginLoan -->
        <test-method is-config="true" signature="lastTest()[pri:0, instance:test.testNG_TC4@1d8bd0de]" started-at="2021-05-28T18:18:26 EET" name="lastTest" finished-at="2021-05-28T18:18:26 EET" duration-ms="1" status="PASS">
          <reporter-output>
          </reporter-output>
        </test-method> <!-- lastTest -->
      </class> <!-- test.testNG_TC4 -->
    </test> <!-- Default test -->
  </suite> <!-- Default suite -->
</testng-results>
