<?xml version="1.0" encoding="UTF-8"?>
<!-- Generated by org.testng.reporters.JUnitXMLReporter -->
<testsuite ignored="3" hostname="DESKTOP-0DT4K5P" failures="0" tests="4" name="Loan" time="0.016" errors="0" timestamp="2021-05-06T17:50:14 EET">
  <testcase classname="test.testNG_TC3" name="apiLoginLoan" time="0.001"/>
  <testcase classname="test.testNG_TC3" name="webLoginLoan" time="0.001"/>
  <testcase classname="test.testNG_TC4" name="apiLoginLoan2" time="0.001"/>
  <testcase classname="test.testNG_TC4" name="apiLoginLoan" time="0.001"/>
  <testcase classname="test.testNG_TC4" name="mobileLoginLoan" time="0.0">
    <ignored/>
  </testcase> <!-- mobileLoginLoan -->
  <testcase classname="test.testNG_TC3" name="mobileLoginLoan" time="0.0">
    <ignored/>
  </testcase> <!-- mobileLoginLoan -->
  <testcase classname="test.testNG_TC4" name="webLoginLoan" time="0.0">
    <ignored/>
  </testcase> <!-- webLoginLoan -->
</testsuite> <!-- Loan -->
