<?xml version="1.0" encoding="UTF-8"?>
<!-- Generated by org.testng.reporters.JUnitXMLReporter -->
<testsuite ignored="1" hostname="DESKTOP-0DT4K5P" failures="0" tests="14" name="Test" time="0.087" errors="0" timestamp="2021-05-06T20:20:15 EET">
  <testcase classname="test.testNG_TC1" name="demo2" time="0.007"/>
  <testcase classname="test.testNG_TC1" name="secondDemo" time="0.002"/>
  <testcase classname="test.testNG_TC3" name="apiLoginLoan" time="0.001"/>
  <testcase classname="test.testNG_TC3" name="mobileLoginLoan" time="0.001"/>
  <testcase classname="test.testNG_TC3" name="webLoginLoan" time="0.002"/>
  <testcase classname="test.testNG_TC4" name="apiLoginLoan2" time="0.001"/>
  <testcase classname="test.testNG_TC4" name="apiLoginLoan2" time="0.001"/>
  <testcase classname="test.testNG_TC4" name="mobileLoginLoan" time="0.006"/>
  <testcase classname="test.testNG_TC4" name="apiLoginLoan" time="0.001"/>
  <testcase classname="test.testNG_TC5" name="carDoor" time="0.001"/>
  <testcase classname="test.testNG_TC5" name="carKey" time="0.001"/>
  <testcase classname="test.testNG_TC5" name="carSeat" time="0.001"/>
  <testcase classname="test.testNG_TC5" name="carSteer" time="0.001"/>
  <testcase classname="test.testNG_TC5" name="carWheel" time="0.001"/>
  <testcase classname="test.testNG_TC4" name="webLoginLoan" time="0.0">
    <ignored/>
  </testcase> <!-- webLoginLoan -->
</testsuite> <!-- Test -->
